[11Dec2024 00:00:01.419] [Server thread/INFO] [net.minecraft.server.MinecraftServer/]: [Chunky] Task running for minecraft:overworld. Processed: 141124 chunks (35.90%), ETA: 21:41:45, Rate: 3.2 cps, Current: 48, -181
[11Dec2024 00:00:03.631] [Server thread/INFO] [net.minecraft.server.MinecraftServer/]: [Chunky] Task running for minecraft:overworld. Processed: 141131 chunks (35.90%), ETA: 21:44:04, Rate: 3.2 cps, Current: 56, -181
[11Dec2024 00:00:05.765] [Server thread/INFO] [net.minecraft.server.MinecraftServer/]: [Chunky] Task running for minecraft:overworld. Processed: 141139 chunks (35.90%), ETA: 20:52:11, Rate: 3.4 cps, Current: 50, -182
[11Dec2024 00:00:08.328] [Server thread/INFO] [net.minecraft.server.MinecraftServer/]: [Chunky] Task running for minecraft:overworld. Processed: 141148 chunks (35.90%), ETA: 21:06:23, Rate: 3.3 cps, Current: 55, -183
[11Dec2024 00:00:12.690] [Server thread/INFO] [net.minecraft.server.MinecraftServer/]: [Chunky] Task running for minecraft:overworld. Processed: 141149 chunks (35.90%), ETA: 24:36:00, Rate: 2.8 cps, Current: 48, -183
[11Dec2024 00:00:14.875] [Server thread/INFO] [net.minecraft.server.MinecraftServer/]: [Chunky] Task running for minecraft:overworld. Processed: 141151 chunks (35.90%), ETA: 26:07:45, Rate: 2.7 cps, Current: 54, -183
[11Dec2024 00:00:17.039] [Server thread/INFO] [net.minecraft.server.MinecraftServer/]: [Chunky] Task running for minecraft:overworld. Processed: 141161 chunks (35.91%), ETA: 25:22:02, Rate: 2.8 cps, Current: 52, -184
[11Dec2024 00:00:19.190] [Server thread/INFO] [net.minecraft.server.MinecraftServer/]: [Chunky] Task running for minecraft:overworld. Processed: 141169 chunks (35.91%), ETA: 24:41:11, Rate: 2.8 cps, Current: 52, -185
[11Dec2024 00:00:21.642] [Server thread/INFO] [net.minecraft.server.MinecraftServer/]: [Chunky] Task running for minecraft:overworld. Processed: 141177 chunks (35.91%), ETA: 24:15:55, Rate: 2.9 cps, Current: 54, -187
[11Dec2024 00:00:23.636] [Server thread/INFO] [net.minecraft.server.MinecraftServer/]: [Chunky] Task running for minecraft:overworld. Processed: 141179 chunks (35.91%), ETA: 26:42:08, Rate: 2.6 cps, Current: 49, -187
[11Dec2024 00:00:25.834] [Server thread/INFO] [net.minecraft.server.MinecraftServer/]: [Chunky] Task running for minecraft:overworld. Processed: 141186 chunks (35.91%), ETA: 26:55:30, Rate: 2.6 cps, Current: 48, -189
[11Dec2024 00:00:28.100] [Server thread/INFO] [net.minecraft.server.MinecraftServer/]: [Chunky] Task running for minecraft:overworld. Processed: 141190 chunks (35.91%), ETA: 26:44:50, Rate: 2.6 cps, Current: 50, -189
[11Dec2024 00:00:30.250] [Server thread/INFO] [net.minecraft.server.MinecraftServer/]: [Chunky] Task running for minecraft:overworld. Processed: 141194 chunks (35.92%), ETA: 28:24:59, Rate: 2.5 cps, Current: 51, -189
[11Dec2024 00:00:32.506] [Server thread/INFO] [net.minecraft.server.MinecraftServer/]: [Chunky] Task running for minecraft:overworld. Processed: 141198 chunks (35.92%), ETA: 29:42:58, Rate: 2.4 cps, Current: 49, -191
[11Dec2024 00:00:34.641] [Server thread/INFO] [net.minecraft.server.MinecraftServer/]: [Chunky] Task running for minecraft:overworld. Processed: 141202 chunks (35.92%), ETA: 31:34:22, Rate: 2.2 cps, Current: 53, -189
[11Dec2024 00:00:36.742] [Server thread/INFO] [net.minecraft.server.MinecraftServer/]: [Chunky] Task running for minecraft:overworld. Processed: 141206 chunks (35.92%), ETA: 33:42:04, Rate: 2.1 cps, Current: 54, -189
[11Dec2024 00:00:38.890] [Server thread/INFO] [net.minecraft.server.MinecraftServer/]: [Chunky] Task running for minecraft:overworld. Processed: 141210 chunks (35.92%), ETA: 29:34:16, Rate: 2.4 cps, Current: 55, -189
[11Dec2024 00:00:41.274] [Server thread/INFO] [net.minecraft.server.MinecraftServer/]: [Chunky] Task running for minecraft:overworld. Processed: 141215 chunks (35.92%), ETA: 29:51:17, Rate: 2.3 cps, Current: 55, -190
[11Dec2024 00:00:43.353] [Server thread/INFO] [net.minecraft.server.MinecraftServer/]: [Chunky] Task running for minecraft:overworld. Processed: 141223 chunks (35.92%), ETA: 27:17:47, Rate: 2.6 cps, Current: 56, -185
[11Dec2024 00:00:45.948] [Server thread/INFO] [net.minecraft.server.MinecraftServer/]: [Chunky] Task running for minecraft:overworld. Processed: 141229 chunks (35.92%), ETA: 29:18:58, Rate: 2.4 cps, Current: 57, -185
[11Dec2024 00:00:47.934] [Server thread/INFO] [net.minecraft.server.MinecraftServer/]: [Chunky] Task running for minecraft:overworld. Processed: 141237 chunks (35.93%), ETA: 29:08:53, Rate: 2.4 cps, Current: 58, -187
[11Dec2024 00:00:50.085] [Server thread/INFO] [net.minecraft.server.MinecraftServer/]: [Chunky] Task running for minecraft:overworld. Processed: 141247 chunks (35.93%), ETA: 28:01:48, Rate: 2.5 cps, Current: 59, -187
[11Dec2024 00:00:52.201] [Server thread/INFO] [net.minecraft.server.MinecraftServer/]: [Chunky] Task running for minecraft:overworld. Processed: 141256 chunks (35.93%), ETA: 25:37:23, Rate: 2.7 cps, Current: 51, -191
[11Dec2024 00:00:54.566] [Server thread/INFO] [net.minecraft.server.MinecraftServer/]: [Chunky] Task running for minecraft:overworld. Processed: 141259 chunks (35.93%), ETA: 27:09:53, Rate: 2.6 cps, Current: 62, -188
[11Dec2024 00:00:56.661] [Server thread/INFO] [net.minecraft.server.MinecraftServer/]: [Chunky] Task running for minecraft:overworld. Processed: 141269 chunks (35.93%), ETA: 24:58:34, Rate: 2.8 cps, Current: 63, -190
[11Dec2024 00:00:58.652] [Server thread/INFO] [net.minecraft.server.MinecraftServer/]: [Chunky] Task running for minecraft:overworld. Processed: 141275 chunks (35.94%), ETA: 24:13:56, Rate: 2.9 cps, Current: 55, -191
[11Dec2024 00:01:12.923] [Server thread/WARN] [net.minecraft.server.MinecraftServer/]: Can't keep up! Is the server overloaded? Running 4571ms or 91 ticks behind
[11Dec2024 00:01:12.967] [Worker-Main-60/ERROR] [net.minecraft.world.level.levelgen.structure.templatesystem.StructureTemplateManager/]: Couldn't load structure mss:white_house_side_2
net.minecraft.ReportedException: Loading NBT data
	at net.minecraft.nbt.CompoundTag.m_128413_(CompoundTag.java:480) ~[server-1.20.1-20230612.114412-srg.jar%23279!/:?]
	at net.minecraft.nbt.CompoundTag$1.m_7300_(CompoundTag.java:45) ~[server-1.20.1-20230612.114412-srg.jar%23279!/:?]
	at net.minecraft.nbt.CompoundTag$1.m_7300_(CompoundTag.java:32) ~[server-1.20.1-20230612.114412-srg.jar%23279!/:?]
	at net.minecraft.nbt.ListTag$1.m_7300_(ListTag.java:43) ~[server-1.20.1-20230612.114412-srg.jar%23279!/:?]
	at net.minecraft.nbt.ListTag$1.m_7300_(ListTag.java:26) ~[server-1.20.1-20230612.114412-srg.jar%23279!/:?]
	at net.minecraft.nbt.CompoundTag.m_128413_(CompoundTag.java:474) ~[server-1.20.1-20230612.114412-srg.jar%23279!/:?]
	at net.minecraft.nbt.CompoundTag$1.m_7300_(CompoundTag.java:45) ~[server-1.20.1-20230612.114412-srg.jar%23279!/:?]
	at net.minecraft.nbt.CompoundTag$1.m_7300_(CompoundTag.java:32) ~[server-1.20.1-20230612.114412-srg.jar%23279!/:?]
	at net.minecraft.nbt.NbtIo.m_128930_(NbtIo.java:153) ~[server-1.20.1-20230612.114412-srg.jar%23279!/:?]
	at net.minecraft.nbt.NbtIo.m_128934_(NbtIo.java:99) ~[server-1.20.1-20230612.114412-srg.jar%23279!/:?]
	at net.minecraft.nbt.NbtIo.m_128939_(NbtIo.java:35) ~[server-1.20.1-20230612.114412-srg.jar%23279!/:?]
	at net.minecraft.world.level.levelgen.structure.templatesystem.StructureTemplateManager.m_230377_(StructureTemplateManager.java:227) ~[server-1.20.1-20230612.114412-srg.jar%23279!/:?]
	at net.minecraft.world.level.levelgen.structure.templatesystem.StructureTemplateManager.m_230372_(StructureTemplateManager.java:217) ~[server-1.20.1-20230612.114412-srg.jar%23279!/:?]
	at net.minecraft.world.level.levelgen.structure.templatesystem.StructureTemplateManager.m_230427_(StructureTemplateManager.java:130) ~[server-1.20.1-20230612.114412-srg.jar%23279!/:?]
	at net.minecraft.world.level.levelgen.structure.templatesystem.StructureTemplateManager.m_230425_(StructureTemplateManager.java:108) ~[server-1.20.1-20230612.114412-srg.jar%23279!/:?]
	at java.util.concurrent.ConcurrentHashMap.computeIfAbsent(ConcurrentHashMap.java:1708) ~[?:?]
	at net.minecraft.world.level.levelgen.structure.templatesystem.StructureTemplateManager.m_230407_(StructureTemplateManager.java:98) ~[server-1.20.1-20230612.114412-srg.jar%23279!/:?]
	at net.minecraft.world.level.levelgen.structure.templatesystem.StructureTemplateManager.m_230359_(StructureTemplateManager.java:86) ~[server-1.20.1-20230612.114412-srg.jar%23279!/:?]
	at com.mojang.datafixers.util.Either$Left.map(Either.java:38) ~[datafixerupper-6.0.8.jar%2377!/:?]
	at net.minecraft.world.level.levelgen.structure.pools.SinglePoolElement.m_227299_(SinglePoolElement.java:81) ~[server-1.20.1-20230612.114412-srg.jar%23279!/:?]
	at net.minecraft.world.level.levelgen.structure.pools.SinglePoolElement.m_213638_(SinglePoolElement.java:107) ~[server-1.20.1-20230612.114412-srg.jar%23279!/:?]
	at com.finndog.mss.world.structures.pieces.PieceLimitedJigsawManager$Assembler.processList(PieceLimitedJigsawManager.java:424) ~[mss-1.1.2-1.20.jar%23240!/:?]
	at com.finndog.mss.world.structures.pieces.PieceLimitedJigsawManager$Assembler.generatePiece(PieceLimitedJigsawManager.java:313) ~[mss-1.1.2-1.20.jar%23240!/:?]
	at com.finndog.mss.world.structures.pieces.PieceLimitedJigsawManager.lambda$assembleJigsawStructure$2(PieceLimitedJigsawManager.java:175) ~[mss-1.1.2-1.20.jar%23240!/:?]
	at net.minecraft.world.level.levelgen.structure.Structure$GenerationStub.m_226680_(Structure.java:206) ~[server-1.20.1-20230612.114412-srg.jar%23279!/:?]
	at com.mojang.datafixers.util.Either$Left.map(Either.java:38) ~[datafixerupper-6.0.8.jar%2377!/:?]
	at net.minecraft.world.level.levelgen.structure.Structure$GenerationStub.m_226677_(Structure.java:204) ~[server-1.20.1-20230612.114412-srg.jar%23279!/:?]
	at net.minecraft.world.level.levelgen.structure.Structure.m_226596_(Structure.java:88) ~[server-1.20.1-20230612.114412-srg.jar%23279!/:?]
	at net.minecraft.world.level.chunk.ChunkGenerator.m_223104_(ChunkGenerator.java:513) ~[server-1.20.1-20230612.114412-srg.jar%23279!/:?]
	at net.minecraft.world.level.chunk.ChunkGenerator.m_254811_(ChunkGenerator.java:466) ~[server-1.20.1-20230612.114412-srg.jar%23279!/:?]
	at java.lang.Iterable.forEach(Iterable.java:75) ~[?:?]
	at net.minecraft.world.level.chunk.ChunkGenerator.m_255037_(ChunkGenerator.java:448) ~[server-1.20.1-20230612.114412-srg.jar%23279!/:?]
	at net.minecraft.world.level.chunk.ChunkStatus.m_289181_(ChunkStatus.java:54) ~[server-1.20.1-20230612.114412-srg.jar%23279!/:?]
	at net.minecraft.world.level.chunk.ChunkStatus.m_280308_(ChunkStatus.java:252) ~[server-1.20.1-20230612.114412-srg.jar%23279!/:?]
	at net.minecraft.server.level.ChunkMap.lambda$scheduleChunkGeneration$27(ChunkMap.java:643) ~[server-1.20.1-20230612.114412-srg.jar%23279!/:?]
	at com.mojang.datafixers.util.Either$Left.map(Either.java:38) ~[datafixerupper-6.0.8.jar%2377!/:?]
	at net.minecraft.server.level.ChunkMap.lambda$scheduleChunkGeneration$29(ChunkMap.java:634) ~[server-1.20.1-20230612.114412-srg.jar%23279!/:?]
	at java.util.concurrent.CompletableFuture$UniCompose.tryFire(CompletableFuture.java:1150) ~[?:?]
	at java.util.concurrent.CompletableFuture$Completion.run(CompletableFuture.java:482) ~[?:?]
	at net.minecraft.server.level.ChunkTaskPriorityQueueSorter.m_143188_(ChunkTaskPriorityQueueSorter.java:62) ~[server-1.20.1-20230612.114412-srg.jar%23279!/:?]
	at net.minecraft.util.thread.ProcessorMailbox.m_18759_(ProcessorMailbox.java:91) ~[server-1.20.1-20230612.114412-srg.jar%23279!/:?]
	at net.minecraft.util.thread.ProcessorMailbox.m_18747_(ProcessorMailbox.java:146) ~[server-1.20.1-20230612.114412-srg.jar%23279!/:?]
	at net.minecraft.util.thread.ProcessorMailbox.run(ProcessorMailbox.java:102) ~[server-1.20.1-20230612.114412-srg.jar%23279!/:?]
	at java.util.concurrent.ForkJoinTask$RunnableExecuteAction.exec(ForkJoinTask.java:1423) ~[?:?]
	at java.util.concurrent.ForkJoinTask.doExec(ForkJoinTask.java:387) ~[?:?]
	at java.util.concurrent.ForkJoinPool$WorkQueue.topLevelExec(ForkJoinPool.java:1312) ~[?:?]
	at java.util.concurrent.ForkJoinPool.scan(ForkJoinPool.java:1843) ~[?:?]
	at java.util.concurrent.ForkJoinPool.runWorker(ForkJoinPool.java:1808) ~[?:?]
	at java.util.concurrent.ForkJoinWorkerThread.run(ForkJoinWorkerThread.java:188) ~[?:?]
Caused by: java.util.zip.ZipException: Corrupt GZIP trailer
	at java.util.zip.GZIPInputStream.readTrailer(GZIPInputStream.java:236) ~[?:?]
	at java.util.zip.GZIPInputStream.read(GZIPInputStream.java:130) ~[?:?]
	at net.minecraft.util.FastBufferedInputStream.read(FastBufferedInputStream.java:45) ~[server-1.20.1-20230612.114412-srg.jar%23279!/:?]
	at java.io.DataInputStream.readFully(DataInputStream.java:208) ~[?:?]
	at java.io.DataInputStream.readFully(DataInputStream.java:179) ~[?:?]
	at net.minecraft.nbt.ByteArrayTag$1.m_7300_(ByteArrayTag.java:27) ~[server-1.20.1-20230612.114412-srg.jar%23279!/:?]
	at net.minecraft.nbt.ByteArrayTag$1.m_7300_(ByteArrayTag.java:20) ~[server-1.20.1-20230612.114412-srg.jar%23279!/:?]
	at net.minecraft.nbt.CompoundTag.m_128413_(CompoundTag.java:474) ~[server-1.20.1-20230612.114412-srg.jar%23279!/:?]
	... 48 more
[11Dec2024 00:01:18.474] [Server thread/INFO] [net.minecraft.server.MinecraftServer/]: [Chunky] Task running for minecraft:overworld. Processed: 141276 chunks (35.94%), ETA: 66:12:00, Rate: 1.1 cps, Current: 56, -191
[11Dec2024 00:01:18.517] [Worker-Main-147/ERROR] [net.minecraft.world.entity.decoration.HangingEntity/]: Hanging entity at invalid position: BlockPos{x=-259, y=32, z=-606}
[11Dec2024 00:01:18.518] [Worker-Main-147/ERROR] [net.minecraft.world.entity.decoration.HangingEntity/]: Hanging entity at invalid position: BlockPos{x=-260, y=32, z=-606}
[11Dec2024 00:01:18.518] [Worker-Main-147/ERROR] [net.minecraft.world.entity.decoration.HangingEntity/]: Hanging entity at invalid position: BlockPos{x=-253, y=31, z=-608}
[11Dec2024 00:01:20.794] [Server thread/INFO] [net.minecraft.server.MinecraftServer/]: [Chunky] Task running for minecraft:overworld. Processed: 141279 chunks (35.94%), ETA: 83:20:37, Rate: 0.8 cps, Current: 63, -191
[11Dec2024 00:01:29.994] [Server thread/INFO] [net.minecraft.server.MinecraftServer/]: [Chunky] Task running for minecraft:overworld. Processed: 141284 chunks (35.94%), ETA: 89:33:09, Rate: 0.8 cps, Current: 2, -191
[11Dec2024 00:01:32.078] [Server thread/INFO] [net.minecraft.server.MinecraftServer/]: [Chunky] Task running for minecraft:overworld. Processed: 141285 chunks (35.94%), ETA: 95:10:33, Rate: 0.7 cps, Current: 2, -190
[11Dec2024 00:01:34.574] [Server thread/INFO] [net.minecraft.server.MinecraftServer/]: [Chunky] Task running for minecraft:overworld. Processed: 141286 chunks (35.94%), ETA: 102:23:49, Rate: 0.7 cps, Current: 1, -191
[11Dec2024 00:01:36.540] [Server thread/INFO] [net.minecraft.server.MinecraftServer/]: [Chunky] Task running for minecraft:overworld. Processed: 141287 chunks (35.94%), ETA: 105:19:29, Rate: 0.7 cps, Current: 1, -190
[11Dec2024 00:01:36.632] [Worker-Main-60/ERROR] [net.minecraft.world.entity.decoration.HangingEntity/]: Hanging entity at invalid position: BlockPos{x=-99, y=-50, z=-80}
[11Dec2024 00:01:41.359] [Worker-Main-148/ERROR] [net.minecraft.world.entity.decoration.HangingEntity/]: Hanging entity at invalid position: BlockPos{x=-99, y=-50, z=-77}
[11Dec2024 00:01:43.373] [Server thread/INFO] [net.minecraft.server.MinecraftServer/]: [Chunky] Task running for minecraft:overworld. Processed: 141288 chunks (35.94%), ETA: 133:59:32, Rate: 0.5 cps, Current: 1, -189
[11Dec2024 00:01:45.480] [Server thread/INFO] [net.minecraft.server.MinecraftServer/]: [Chunky] Task running for minecraft:overworld. Processed: 141291 chunks (35.94%), ETA: 118:04:46, Rate: 0.6 cps, Current: 32, -173
[11Dec2024 00:01:47.690] [Server thread/INFO] [net.minecraft.server.MinecraftServer/]: [Chunky] Task running for minecraft:overworld. Processed: 141294 chunks (35.94%), ETA: 107:34:15, Rate: 0.7 cps, Current: 1, -186
[11Dec2024 00:01:52.178] [Server thread/INFO] [net.minecraft.server.MinecraftServer/]: [Chunky] Task running for minecraft:overworld. Processed: 141299 chunks (35.94%), ETA: 96:59:22, Rate: 0.7 cps, Current: 32, -170
[11Dec2024 00:01:54.441] [Server thread/INFO] [net.minecraft.server.MinecraftServer/]: [Chunky] Task running for minecraft:overworld. Processed: 141301 chunks (35.94%), ETA: 95:00:10, Rate: 0.7 cps, Current: 3, -187
[11Dec2024 00:01:56.525] [Server thread/INFO] [net.minecraft.server.MinecraftServer/]: [Chunky] Task running for minecraft:overworld. Processed: 141304 chunks (35.94%), ETA: 88:22:18, Rate: 0.8 cps, Current: 32, -166
[11Dec2024 00:01:58.578] [Server thread/INFO] [net.minecraft.server.MinecraftServer/]: [Chunky] Task running for minecraft:overworld. Processed: 141306 chunks (35.94%), ETA: 86:56:01, Rate: 0.8 cps, Current: 32, -162
[11Dec2024 00:02:02.794] [Server thread/INFO] [net.minecraft.server.MinecraftServer/]: [Chunky] Task running for minecraft:overworld. Processed: 141310 chunks (35.94%), ETA: 78:57:23, Rate: 0.9 cps, Current: 4, -187
[11Dec2024 00:02:05.327] [Server thread/INFO] [net.minecraft.server.MinecraftServer/]: [Chunky] Task running for minecraft:overworld. Processed: 141313 chunks (35.95%), ETA: 74:34:42, Rate: 0.9 cps, Current: 5, -187
[11Dec2024 00:02:08.110] [Server thread/INFO] [net.minecraft.server.MinecraftServer/]: [Chunky] Task running for minecraft:overworld. Processed: 141318 chunks (35.95%), ETA: 55:48:57, Rate: 1.3 cps, Current: 6, -186
[11Dec2024 00:02:10.419] [Server thread/INFO] [net.minecraft.server.MinecraftServer/]: [Chunky] Task running for minecraft:overworld. Processed: 141323 chunks (35.95%), ETA: 52:32:56, Rate: 1.3 cps, Current: 3, -190
[11Dec2024 00:02:13.265] [Server thread/INFO] [net.minecraft.server.MinecraftServer/]: [Chunky] Task running for minecraft:overworld. Processed: 141333 chunks (35.95%), ETA: 45:27:03, Rate: 1.5 cps, Current: 7, -191
[11Dec2024 00:02:15.439] [Server thread/INFO] [net.minecraft.server.MinecraftServer/]: [Chunky] Task running for minecraft:overworld. Processed: 141336 chunks (35.95%), ETA: 45:33:08, Rate: 1.5 cps, Current: 49, -192
[11Dec2024 00:02:18.094] [Server thread/INFO] [net.minecraft.server.MinecraftServer/]: [Chunky] Task running for minecraft:overworld. Processed: 141340 chunks (35.95%), ETA: 43:09:25, Rate: 1.6 cps, Current: 9, -190
[11Dec2024 00:02:20.379] [Server thread/INFO] [net.minecraft.server.MinecraftServer/]: [Chunky] Task running for minecraft:overworld. Processed: 141348 chunks (35.95%), ETA: 39:26:49, Rate: 1.8 cps, Current: 55, -192
[11Dec2024 00:02:23.149] [Server thread/INFO] [net.minecraft.server.MinecraftServer/]: [Chunky] Task running for minecraft:overworld. Processed: 141349 chunks (35.95%), ETA: 40:58:32, Rate: 1.7 cps, Current: 56, -192
[11Dec2024 00:02:25.330] [Server thread/INFO] [net.minecraft.server.MinecraftServer/]: [Chunky] Task running for minecraft:overworld. Processed: 141352 chunks (35.96%), ETA: 41:06:48, Rate: 1.7 cps, Current: 63, -192
[11Dec2024 00:02:29.416] [Server thread/INFO] [net.minecraft.server.MinecraftServer/]: [Chunky] Task running for minecraft:overworld. Processed: 141357 chunks (35.96%), ETA: 38:47:24, Rate: 1.8 cps, Current: 11, -191
[11Dec2024 00:02:30.537] [Server thread/INFO] [net.minecraft.server.MinecraftServer/]: [Chunky] Task running for minecraft:overworld. Processed: 141374 chunks (35.96%), ETA: 29:50:56, Rate: 2.3 cps, Current: 13, -188
[11Dec2024 00:02:31.555] [Server thread/INFO] [net.minecraft.server.MinecraftServer/]: [Chunky] Task running for minecraft:overworld. Processed: 141386 chunks (35.96%), ETA: 26:07:14, Rate: 2.7 cps, Current: 9, -188
[11Dec2024 00:02:33.602] [Server thread/INFO] [net.minecraft.server.MinecraftServer/]: [Chunky] Task running for minecraft:overworld. Processed: 141388 chunks (35.96%), ETA: 26:00:57, Rate: 2.7 cps, Current: 8, -187
[11Dec2024 00:02:36.184] [Server thread/INFO] [net.minecraft.server.MinecraftServer/]: [Chunky] Task running for minecraft:overworld. Processed: 141397 chunks (35.97%), ETA: 24:32:15, Rate: 2.8 cps, Current: 0, -192
[11Dec2024 00:02:37.423] [Server thread/INFO] [net.minecraft.server.MinecraftServer/]: [Chunky] Task running for minecraft:overworld. Processed: 141408 chunks (35.97%), ETA: 22:31:24, Rate: 3.1 cps, Current: 10, -185
[11Dec2024 00:02:40.221] [Server thread/INFO] [net.minecraft.server.MinecraftServer/]: [Chunky] Task running for minecraft:overworld. Processed: 141424 chunks (35.97%), ETA: 20:25:42, Rate: 3.4 cps, Current: 11, -182
[11Dec2024 00:02:41.294] [Server thread/INFO] [net.minecraft.server.MinecraftServer/]: [Chunky] Task running for minecraft:overworld. Processed: 141434 chunks (35.98%), ETA: 19:12:44, Rate: 3.6 cps, Current: 14, -180
[11Dec2024 00:02:43.487] [Server thread/INFO] [net.minecraft.server.MinecraftServer/]: [Chunky] Task running for minecraft:overworld. Processed: 141436 chunks (35.98%), ETA: 19:24:53, Rate: 3.6 cps, Current: 7, -185
[11Dec2024 00:02:46.294] [Server thread/INFO] [net.minecraft.server.MinecraftServer/]: [Chunky] Task running for minecraft:overworld. Processed: 141444 chunks (35.98%), ETA: 18:46:33, Rate: 3.7 cps, Current: 13, -179
[11Dec2024 00:02:49.093] [Server thread/INFO] [net.minecraft.server.MinecraftServer/]: [Chunky] Task running for minecraft:overworld. Processed: 141456 chunks (35.98%), ETA: 18:24:56, Rate: 3.8 cps, Current: 11, -178
[11Dec2024 00:02:51.595] [Server thread/INFO] [net.minecraft.server.MinecraftServer/]: [Chunky] Task running for minecraft:overworld. Processed: 141463 chunks (35.98%), ETA: 17:17:33, Rate: 4.0 cps, Current: 8, -183
[11Dec2024 00:02:54.331] [Server thread/INFO] [net.minecraft.server.MinecraftServer/]: [Chunky] Task running for minecraft:overworld. Processed: 141468 chunks (35.99%), ETA: 17:19:41, Rate: 4.0 cps, Current: 10, -178
[11Dec2024 00:02:56.537] [Server thread/INFO] [net.minecraft.server.MinecraftServer/]: [Chunky] Task running for minecraft:overworld. Processed: 141476 chunks (35.99%), ETA: 15:47:53, Rate: 4.4 cps, Current: 6, -180
[11Dec2024 00:02:58.914] [Server thread/INFO] [net.minecraft.server.MinecraftServer/]: [Chunky] Task running for minecraft:overworld. Processed: 141488 chunks (35.99%), ETA: 15:37:12, Rate: 4.5 cps, Current: 5, -179
[11Dec2024 00:03:01.359] [Server thread/INFO] [net.minecraft.server.MinecraftServer/]: [Chunky] Task running for minecraft:overworld. Processed: 141498 chunks (35.99%), ETA: 18:26:06, Rate: 3.8 cps, Current: 3, -184
[11Dec2024 00:03:03.798] [Server thread/INFO] [net.minecraft.server.MinecraftServer/]: [Chunky] Task running for minecraft:overworld. Processed: 141504 chunks (35.99%), ETA: 17:52:16, Rate: 3.9 cps, Current: 2, -182
[11Dec2024 00:03:06.135] [Server thread/INFO] [net.minecraft.server.MinecraftServer/]: [Chunky] Task running for minecraft:overworld. Processed: 141512 chunks (36.00%), ETA: 18:02:49, Rate: 3.9 cps, Current: 4, -180
[11Dec2024 00:03:08.540] [Server thread/INFO] [net.minecraft.server.MinecraftServer/]: [Chunky] Task running for minecraft:overworld. Processed: 141522 chunks (36.00%), ETA: 19:59:32, Rate: 3.5 cps, Current: 1, -179
[11Dec2024 00:03:11.096] [Server thread/INFO] [net.minecraft.server.MinecraftServer/]: [Chunky] Task running for minecraft:overworld. Processed: 141524 chunks (36.00%), ETA: 22:53:19, Rate: 3.1 cps, Current: 8, -192
[11Dec2024 00:03:13.429] [Server thread/INFO] [net.minecraft.server.MinecraftServer/]: [Chunky] Task running for minecraft:overworld. Processed: 141528 chunks (36.00%), ETA: 22:30:07, Rate: 3.1 cps, Current: 1, -177
[11Dec2024 00:03:15.795] [Server thread/INFO] [net.minecraft.server.MinecraftServer/]: [Chunky] Task running for minecraft:overworld. Processed: 141534 chunks (36.00%), ETA: 22:39:26, Rate: 3.1 cps, Current: 1, -174
[11Dec2024 00:03:18.146] [Server thread/INFO] [net.minecraft.server.MinecraftServer/]: [Chunky] Task running for minecraft:overworld. Processed: 141543 chunks (36.00%), ETA: 23:04:20, Rate: 3.0 cps, Current: 4, -176
[11Dec2024 00:03:20.579] [Server thread/INFO] [net.minecraft.server.MinecraftServer/]: [Chunky] Task running for minecraft:overworld. Processed: 141552 chunks (36.01%), ETA: 22:30:16, Rate: 3.1 cps, Current: 4, -174
[11Dec2024 00:03:23.134] [Server thread/INFO] [net.minecraft.server.MinecraftServer/]: [Chunky] Task running for minecraft:overworld. Processed: 141555 chunks (36.01%), ETA: 22:52:21, Rate: 3.1 cps, Current: 15, -192
[11Dec2024 00:03:25.304] [Server thread/INFO] [net.minecraft.server.MinecraftServer/]: [Chunky] Task running for minecraft:overworld. Processed: 141558 chunks (36.01%), ETA: 24:13:12, Rate: 2.9 cps, Current: 15, -190
[11Dec2024 00:03:27.423] [Server thread/INFO] [net.minecraft.server.MinecraftServer/]: [Chunky] Task running for minecraft:overworld. Processed: 141562 chunks (36.01%), ETA: 26:33:49, Rate: 2.6 cps, Current: 6, -173
[11Dec2024 00:03:30.121] [Server thread/INFO] [net.minecraft.server.MinecraftServer/]: [Chunky] Task running for minecraft:overworld. Processed: 141564 chunks (36.01%), ETA: 29:59:56, Rate: 2.3 cps, Current: 6, -171
[11Dec2024 00:03:32.229] [Server thread/INFO] [net.minecraft.server.MinecraftServer/]: [Chunky] Task running for minecraft:overworld. Processed: 141568 chunks (36.01%), ETA: 30:33:56, Rate: 2.3 cps, Current: 15, -185
[11Dec2024 00:03:34.479] [Server thread/INFO] [net.minecraft.server.MinecraftServer/]: [Chunky] Task running for minecraft:overworld. Processed: 141573 chunks (36.01%), ETA: 31:56:37, Rate: 2.2 cps, Current: 4, -172
[11Dec2024 00:03:36.866] [Server thread/INFO] [net.minecraft.server.MinecraftServer/]: [Chunky] Task running for minecraft:overworld. Processed: 141583 chunks (36.01%), ETA: 31:55:24, Rate: 2.2 cps, Current: 2, -171
[11Dec2024 00:03:38.953] [Server thread/INFO] [net.minecraft.server.MinecraftServer/]: [Chunky] Task running for minecraft:overworld. Processed: 141587 chunks (36.02%), ETA: 30:24:47, Rate: 2.3 cps, Current: 1, -170
[11Dec2024 00:03:41.270] [Server thread/INFO] [net.minecraft.server.MinecraftServer/]: [Chunky] Task running for minecraft:overworld. Processed: 141589 chunks (36.02%), ETA: 31:22:33, Rate: 2.2 cps, Current: 1, -169
[11Dec2024 00:03:43.461] [Server thread/INFO] [net.minecraft.server.MinecraftServer/]: [Chunky] Task running for minecraft:overworld. Processed: 141595 chunks (36.02%), ETA: 31:10:40, Rate: 2.2 cps, Current: 15, -180
[11Dec2024 00:03:45.908] [Server thread/INFO] [net.minecraft.server.MinecraftServer/]: [Chunky] Task running for minecraft:overworld. Processed: 141596 chunks (36.02%), ETA: 35:55:20, Rate: 1.9 cps, Current: 2, -167
[11Dec2024 00:03:48.027] [Server thread/INFO] [net.minecraft.server.MinecraftServer/]: [Chunky] Task running for minecraft:overworld. Processed: 141599 chunks (36.02%), ETA: 36:37:39, Rate: 1.9 cps, Current: 1, -167
[11Dec2024 00:03:50.147] [Server thread/INFO] [net.minecraft.server.MinecraftServer/]: [Chunky] Task running for minecraft:overworld. Processed: 141603 chunks (36.02%), ETA: 39:43:41, Rate: 1.8 cps, Current: 15, -179
[11Dec2024 00:03:52.296] [Server thread/INFO] [net.minecraft.server.MinecraftServer/]: [Chunky] Task running for minecraft:overworld. Processed: 141613 chunks (36.02%), ETA: 34:31:52, Rate: 2.0 cps, Current: 2, -163
[11Dec2024 00:03:54.560] [Server thread/INFO] [net.minecraft.server.MinecraftServer/]: [Chunky] Task running for minecraft:overworld. Processed: 141622 chunks (36.02%), ETA: 31:26:41, Rate: 2.2 cps, Current: 3, -164
[11Dec2024 00:03:56.819] [Server thread/INFO] [net.minecraft.server.MinecraftServer/]: [Chunky] Task running for minecraft:overworld. Processed: 141632 chunks (36.03%), ETA: 28:55:23, Rate: 2.4 cps, Current: 5, -169
[11Dec2024 00:03:59.029] [Server thread/INFO] [net.minecraft.server.MinecraftServer/]: [Chunky] Task running for minecraft:overworld. Processed: 141637 chunks (36.03%), ETA: 27:17:25, Rate: 2.6 cps, Current: 5, -165
[11Dec2024 00:04:01.175] [Server thread/INFO] [net.minecraft.server.MinecraftServer/]: [Chunky] Task running for minecraft:overworld. Processed: 141649 chunks (36.03%), ETA: 24:39:29, Rate: 2.8 cps, Current: 6, -167
[11Dec2024 00:04:03.473] [Server thread/INFO] [net.minecraft.server.MinecraftServer/]: [Chunky] Task running for minecraft:overworld. Processed: 141656 chunks (36.03%), ETA: 24:06:43, Rate: 2.9 cps, Current: 7, -176
[11Dec2024 00:04:05.880] [Server thread/INFO] [net.minecraft.server.MinecraftServer/]: [Chunky] Task running for minecraft:overworld. Processed: 141664 chunks (36.03%), ETA: 24:42:52, Rate: 2.8 cps, Current: 7, -168
[11Dec2024 00:04:08.298] [Server thread/INFO] [net.minecraft.server.MinecraftServer/]: [Chunky] Task running for minecraft:overworld. Processed: 141666 chunks (36.04%), ETA: 25:37:19, Rate: 2.7 cps, Current: 7, -167
[11Dec2024 00:04:10.505] [Server thread/INFO] [net.minecraft.server.MinecraftServer/]: [Chunky] Task running for minecraft:overworld. Processed: 141674 chunks (36.04%), ETA: 23:44:37, Rate: 2.9 cps, Current: 8, -167
[11Dec2024 00:04:12.613] [Server thread/INFO] [net.minecraft.server.MinecraftServer/]: [Chunky] Task running for minecraft:overworld. Processed: 141683 chunks (36.04%), ETA: 22:52:41, Rate: 3.1 cps, Current: 9, -161
[11Dec2024 00:04:14.860] [Server thread/INFO] [net.minecraft.server.MinecraftServer/]: [Chunky] Task running for minecraft:overworld. Processed: 141690 chunks (36.04%), ETA: 21:17:05, Rate: 3.3 cps, Current: 10, -163
[11Dec2024 00:04:17.085] [Server thread/INFO] [net.minecraft.server.MinecraftServer/]: [Chunky] Task running for minecraft:overworld. Processed: 141700 chunks (36.04%), ETA: 19:53:47, Rate: 3.5 cps, Current: 11, -165
[11Dec2024 00:04:19.437] [Server thread/INFO] [net.minecraft.server.MinecraftServer/]: [Chunky] Task running for minecraft:overworld. Processed: 141709 chunks (36.05%), ETA: 19:07:05, Rate: 3.7 cps, Current: 12, -166
[11Dec2024 00:04:21.877] [Server thread/INFO] [net.minecraft.server.MinecraftServer/]: [Chunky] Task running for minecraft:overworld. Processed: 141712 chunks (36.05%), ETA: 20:39:34, Rate: 3.4 cps, Current: 13, -168
[11Dec2024 00:04:24.274] [Server thread/INFO] [net.minecraft.server.MinecraftServer/]: [Chunky] Task running for minecraft:overworld. Processed: 141720 chunks (36.05%), ETA: 20:57:40, Rate: 3.3 cps, Current: 14, -161
[11Dec2024 00:04:26.252] [Server thread/INFO] [net.minecraft.server.MinecraftServer/]: [Chunky] Task running for minecraft:overworld. Processed: 141722 chunks (36.05%), ETA: 22:35:17, Rate: 3.1 cps, Current: 14, -163
[11Dec2024 00:04:28.475] [Server thread/INFO] [net.minecraft.server.MinecraftServer/]: [Chunky] Task running for minecraft:overworld. Processed: 141729 chunks (36.05%), ETA: 22:06:39, Rate: 3.2 cps, Current: 13, -169
[11Dec2024 00:04:30.812] [Server thread/INFO] [net.minecraft.server.MinecraftServer/]: [Chunky] Task running for minecraft:overworld. Processed: 141737 chunks (36.05%), ETA: 23:15:16, Rate: 3.0 cps, Current: 14, -170
[11Dec2024 00:04:32.945] [Worker-Main-147/INFO] [com.teampotato.redirector.Redirector/]: Redirecting net/minecraft/world/entity/animal/Panda$Gene
[11Dec2024 00:04:32.951] [Server thread/INFO] [net.minecraft.server.MinecraftServer/]: [Chunky] Task running for minecraft:overworld. Processed: 141746 chunks (36.06%), ETA: 22:37:11, Rate: 3.1 cps, Current: 12, -171
[11Dec2024 00:04:35.057] [Server thread/INFO] [net.minecraft.server.MinecraftServer/]: [Chunky] Task running for minecraft:overworld. Processed: 141763 chunks (36.06%), ETA: 20:22:21, Rate: 3.4 cps, Current: 10, -175
[11Dec2024 00:04:37.174] [Server thread/INFO] [net.minecraft.server.MinecraftServer/]: [Chunky] Task running for minecraft:overworld. Processed: 141778 chunks (36.06%), ETA: 17:50:27, Rate: 3.9 cps, Current: 13, -174
[11Dec2024 00:04:39.436] [Server thread/INFO] [net.minecraft.server.MinecraftServer/]: [Chunky] Task running for minecraft:overworld. Processed: 141785 chunks (36.07%), ETA: 18:02:05, Rate: 3.9 cps, Current: 0, -184
[11Dec2024 00:04:41.484] [Server thread/INFO] [net.minecraft.server.MinecraftServer/]: [Chunky] Task running for minecraft:overworld. Processed: 141787 chunks (36.07%), ETA: 19:11:49, Rate: 3.6 cps, Current: 15, -176
[11Dec2024 00:04:43.694] [Server thread/INFO] [net.minecraft.server.MinecraftServer/]: [Chunky] Task running for minecraft:overworld. Processed: 141789 chunks (36.07%), ETA: 20:07:53, Rate: 3.5 cps, Current: 16, -175
[11Dec2024 00:04:45.922] [Server thread/INFO] [net.minecraft.server.MinecraftServer/]: [Chunky] Task running for minecraft:overworld. Processed: 141792 chunks (36.07%), ETA: 21:38:56, Rate: 3.2 cps, Current: 17, -174
[11Dec2024 00:04:48.033] [Server thread/INFO] [net.minecraft.server.MinecraftServer/]: [Chunky] Task running for minecraft:overworld. Processed: 141793 chunks (36.07%), ETA: 23:29:15, Rate: 3.0 cps, Current: 18, -174
[11Dec2024 00:04:54.536] [Server thread/INFO] [net.minecraft.server.MinecraftServer/]: [Chunky] Task running for minecraft:overworld. Processed: 141796 chunks (36.07%), ETA: 26:19:42, Rate: 2.7 cps, Current: 0, -182
[11Dec2024 00:04:56.725] [Server thread/INFO] [net.minecraft.server.MinecraftServer/]: [Chunky] Task running for minecraft:overworld. Processed: 141797 chunks (36.07%), ETA: 28:35:00, Rate: 2.4 cps, Current: 0, -181
[11Dec2024 00:04:58.704] [Server thread/INFO] [net.minecraft.server.MinecraftServer/]: [Chunky] Task running for minecraft:overworld. Processed: 141798 chunks (36.07%), ETA: 31:24:22, Rate: 2.2 cps, Current: 0, -180
[11Dec2024 00:05:00.944] [Server thread/INFO] [net.minecraft.server.MinecraftServer/]: [Chunky] Task running for minecraft:overworld. Processed: 141800 chunks (36.07%), ETA: 35:31:57, Rate: 2.0 cps, Current: 19, -175
[11Dec2024 00:05:03.032] [Server thread/INFO] [net.minecraft.server.MinecraftServer/]: [Chunky] Task running for minecraft:overworld. Processed: 141803 chunks (36.07%), ETA: 47:38:10, Rate: 1.5 cps, Current: 0, -178
[11Dec2024 00:05:05.241] [Server thread/INFO] [net.minecraft.server.MinecraftServer/]: [Chunky] Task running for minecraft:overworld. Processed: 141807 chunks (36.07%), ETA: 65:18:56, Rate: 1.1 cps, Current: 22, -175
[11Dec2024 00:05:07.257] [Server thread/INFO] [net.minecraft.server.MinecraftServer/]: [Chunky] Task running for minecraft:overworld. Processed: 141809 chunks (36.07%), ETA: 77:41:18, Rate: 0.9 cps, Current: 20, -174
[11Dec2024 00:05:09.463] [Server thread/INFO] [net.minecraft.server.MinecraftServer/]: [Chunky] Task running for minecraft:overworld. Processed: 141813 chunks (36.07%), ETA: 72:20:19, Rate: 1.0 cps, Current: 16, -173
[11Dec2024 00:05:11.596] [Server thread/INFO] [net.minecraft.server.MinecraftServer/]: [Chunky] Task running for minecraft:overworld. Processed: 141819 chunks (36.07%), ETA: 62:49:47, Rate: 1.1 cps, Current: 15, -172
[11Dec2024 00:05:13.901] [Server thread/INFO] [net.minecraft.server.MinecraftServer/]: [Chunky] Task running for minecraft:overworld. Processed: 141821 chunks (36.07%), ETA: 65:06:18, Rate: 1.1 cps, Current: 21, -172
[11Dec2024 00:05:16.229] [Server thread/INFO] [net.minecraft.server.MinecraftServer/]: [Chunky] Task running for minecraft:overworld. Processed: 141826 chunks (36.08%), ETA: 57:53:16, Rate: 1.2 cps, Current: 22, -172
[11Dec2024 00:05:18.447] [Server thread/INFO] [net.minecraft.server.MinecraftServer/]: [Chunky] Task running for minecraft:overworld. Processed: 141837 chunks (36.08%), ETA: 39:44:16, Rate: 1.8 cps, Current: 18, -170
[11Dec2024 00:05:20.627] [Server thread/INFO] [net.minecraft.server.MinecraftServer/]: [Chunky] Task running for minecraft:overworld. Processed: 141845 chunks (36.08%), ETA: 36:25:19, Rate: 1.9 cps, Current: 15, -168
[11Dec2024 00:05:22.732] [Server thread/INFO] [net.minecraft.server.MinecraftServer/]: [Chunky] Task running for minecraft:overworld. Processed: 141848 chunks (36.08%), ETA: 37:07:56, Rate: 1.9 cps, Current: 17, -169
[11Dec2024 00:05:25.030] [Server thread/INFO] [net.minecraft.server.MinecraftServer/]: [Chunky] Task running for minecraft:overworld. Processed: 141855 chunks (36.08%), ETA: 33:29:03, Rate: 2.1 cps, Current: 15, -166
[11Dec2024 00:05:27.174] [Server thread/INFO] [net.minecraft.server.MinecraftServer/]: [Chunky] Task running for minecraft:overworld. Processed: 141860 chunks (36.08%), ETA: 31:32:33, Rate: 2.2 cps, Current: 15, -164
[11Dec2024 00:05:29.308] [Server thread/INFO] [net.minecraft.server.MinecraftServer/]: [Chunky] Task running for minecraft:overworld. Processed: 141872 chunks (36.09%), ETA: 27:07:05, Rate: 2.6 cps, Current: 17, -162
[11Dec2024 00:05:31.434] [Server thread/INFO] [net.minecraft.server.MinecraftServer/]: [Chunky] Task running for minecraft:overworld. Processed: 141882 chunks (36.09%), ETA: 24:46:35, Rate: 2.8 cps, Current: 0, -172
[11Dec2024 00:05:33.570] [Server thread/INFO] [net.minecraft.server.MinecraftServer/]: [Chunky] Task running for minecraft:overworld. Processed: 141884 chunks (36.09%), ETA: 25:20:50, Rate: 2.8 cps, Current: 19, -161
[11Dec2024 00:05:35.886] [Server thread/INFO] [net.minecraft.server.MinecraftServer/]: [Chunky] Task running for minecraft:overworld. Processed: 141890 chunks (36.09%), ETA: 24:21:59, Rate: 2.9 cps, Current: 20, -169
[11Dec2024 00:05:38.009] [Server thread/INFO] [net.minecraft.server.MinecraftServer/]: [Chunky] Task running for minecraft:overworld. Processed: 141905 chunks (36.10%), ETA: 21:25:14, Rate: 3.3 cps, Current: 21, -165
[11Dec2024 00:05:40.108] [Server thread/INFO] [net.minecraft.server.MinecraftServer/]: [Chunky] Task running for minecraft:overworld. Processed: 141910 chunks (36.10%), ETA: 21:37:36, Rate: 3.2 cps, Current: 22, -169
[11Dec2024 00:05:42.336] [Server thread/WARN] [net.minecraft.server.MinecraftServer/]: Can't keep up! Is the server overloaded? Running 2033ms or 40 ticks behind
[11Dec2024 00:05:42.421] [Server thread/INFO] [net.minecraft.server.MinecraftServer/]: [Chunky] Task running for minecraft:overworld. Processed: 141916 chunks (36.10%), ETA: 20:43:51, Rate: 3.4 cps, Current: 22, -163
[11Dec2024 00:05:44.676] [Server thread/INFO] [net.minecraft.server.MinecraftServer/]: [Chunky] Task running for minecraft:overworld. Processed: 141919 chunks (36.10%), ETA: 21:07:03, Rate: 3.3 cps, Current: 23, -167
[11Dec2024 00:05:47.127] [Server thread/INFO] [net.minecraft.server.MinecraftServer/]: [Chunky] Task running for minecraft:overworld. Processed: 141926 chunks (36.10%), ETA: 22:14:12, Rate: 3.1 cps, Current: 24, -166
[11Dec2024 00:05:49.221] [Server thread/INFO] [net.minecraft.server.MinecraftServer/]: [Chunky] Task running for minecraft:overworld. Processed: 141929 chunks (36.10%), ETA: 23:28:26, Rate: 3.0 cps, Current: 24, -161
[11Dec2024 00:05:51.311] [Server thread/INFO] [net.minecraft.server.MinecraftServer/]: [Chunky] Task running for minecraft:overworld. Processed: 141942 chunks (36.11%), ETA: 20:59:27, Rate: 3.3 cps, Current: 26, -161
[11Dec2024 00:05:53.437] [Server thread/INFO] [net.minecraft.server.MinecraftServer/]: [Chunky] Task running for minecraft:overworld. Processed: 141952 chunks (36.11%), ETA: 20:13:28, Rate: 3.4 cps, Current: 27, -165
[11Dec2024 00:05:55.449] [Server thread/INFO] [net.minecraft.server.MinecraftServer/]: [Chunky] Task running for minecraft:overworld. Processed: 141972 chunks (36.11%), ETA: 17:27:24, Rate: 4.0 cps, Current: 31, -164
[11Dec2024 00:05:57.653] [Server thread/INFO] [net.minecraft.server.MinecraftServer/]: [Chunky] Task running for minecraft:overworld. Processed: 141983 chunks (36.12%), ETA: 17:39:17, Rate: 4.0 cps, Current: 30, -168
[11Dec2024 00:05:59.797] [Server thread/INFO] [net.minecraft.server.MinecraftServer/]: [Chunky] Task running for minecraft:overworld. Processed: 141992 chunks (36.12%), ETA: 17:49:33, Rate: 3.9 cps, Current: 30, -169
[11Dec2024 00:06:01.929] [Server thread/INFO] [net.minecraft.server.MinecraftServer/]: [Chunky] Task running for minecraft:overworld. Processed: 142000 chunks (36.12%), ETA: 16:54:27, Rate: 4.1 cps, Current: 23, -170
[11Dec2024 00:06:04.094] [Server thread/INFO] [net.minecraft.server.MinecraftServer/]: [Chunky] Task running for minecraft:overworld. Processed: 142001 chunks (36.12%), ETA: 17:34:08, Rate: 4.0 cps, Current: 31, -170
[11Dec2024 00:06:06.354] [Server thread/WARN] [net.minecraft.server.MinecraftServer/]: Can't keep up! Is the server overloaded? Running 2002ms or 40 ticks behind
[11Dec2024 00:06:06.362] [Server thread/INFO] [net.minecraft.server.MinecraftServer/]: [Chunky] Task running for minecraft:overworld. Processed: 142011 chunks (36.12%), ETA: 18:29:01, Rate: 3.8 cps, Current: 25, -171
[11Dec2024 00:06:08.981] [Server thread/INFO] [net.minecraft.server.MinecraftServer/]: [Chunky] Task running for minecraft:overworld. Processed: 142018 chunks (36.13%), ETA: 18:28:39, Rate: 3.8 cps, Current: 23, -172
[11Dec2024 00:06:11.176] [Server thread/INFO] [net.minecraft.server.MinecraftServer/]: [Chunky] Task running for minecraft:overworld. Processed: 142020 chunks (36.13%), ETA: 19:06:05, Rate: 3.7 cps, Current: 23, -173
[11Dec2024 00:06:13.439] [Server thread/INFO] [net.minecraft.server.MinecraftServer/]: [Chunky] Task running for minecraft:overworld. Processed: 142025 chunks (36.13%), ETA: 18:45:02, Rate: 3.7 cps, Current: 26, -173
[11Dec2024 00:06:15.516] [Server thread/INFO] [net.minecraft.server.MinecraftServer/]: [Chunky] Task running for minecraft:overworld. Processed: 142026 chunks (36.13%), ETA: 19:36:19, Rate: 3.6 cps, Current: 27, -172
[11Dec2024 00:06:17.556] [Server thread/INFO] [net.minecraft.server.MinecraftServer/]: [Chunky] Task running for minecraft:overworld. Processed: 142036 chunks (36.13%), ETA: 18:17:57, Rate: 3.8 cps, Current: 23, -174
[11Dec2024 00:06:19.739] [Server thread/INFO] [net.minecraft.server.MinecraftServer/]: [Chunky] Task running for minecraft:overworld. Processed: 142039 chunks (36.13%), ETA: 20:13:56, Rate: 3.4 cps, Current: 26, -174
[11Dec2024 00:06:21.767] [Server thread/INFO] [net.minecraft.server.MinecraftServer/]: [Chunky] Task running for minecraft:overworld. Processed: 142042 chunks (36.13%), ETA: 21:42:48, Rate: 3.2 cps, Current: 27, -174
[11Dec2024 00:06:23.857] [Server thread/INFO] [net.minecraft.server.MinecraftServer/]: [Chunky] Task running for minecraft:overworld. Processed: 142047 chunks (36.13%), ETA: 26:04:11, Rate: 2.7 cps, Current: 23, -175
[11Dec2024 00:06:25.880] [Server thread/INFO] [net.minecraft.server.MinecraftServer/]: [Chunky] Task running for minecraft:overworld. Processed: 142048 chunks (36.13%), ETA: 29:49:42, Rate: 2.3 cps, Current: 24, -175
[11Dec2024 00:06:28.014] [Server thread/INFO] [net.minecraft.server.MinecraftServer/]: [Chunky] Task running for minecraft:overworld. Processed: 142054 chunks (36.13%), ETA: 31:14:09, Rate: 2.2 cps, Current: 31, -176
[11Dec2024 00:06:30.085] [Server thread/WARN] [net.minecraft.server.MinecraftServer/]: Can't keep up! Is the server overloaded? Running 2033ms or 40 ticks behind
[11Dec2024 00:06:30.110] [Server thread/INFO] [net.minecraft.server.MinecraftServer/]: [Chunky] Task running for minecraft:overworld. Processed: 142055 chunks (36.13%), ETA: 35:05:52, Rate: 2.0 cps, Current: 30, -176
[11Dec2024 00:06:32.141] [Server thread/INFO] [net.minecraft.server.MinecraftServer/]: [Chunky] Task running for minecraft:overworld. Processed: 142056 chunks (36.13%), ETA: 34:55:42, Rate: 2.0 cps, Current: 16, -176
[11Dec2024 00:06:34.247] [Server thread/INFO] [net.minecraft.server.MinecraftServer/]: [Chunky] Task running for minecraft:overworld. Processed: 142058 chunks (36.14%), ETA: 40:30:56, Rate: 1.7 cps, Current: 29, -176
[11Dec2024 00:06:36.273] [Server thread/INFO] [net.minecraft.server.MinecraftServer/]: [Chunky] Task running for minecraft:overworld. Processed: 142059 chunks (36.14%), ETA: 42:34:20, Rate: 1.6 cps, Current: 28, -176
[11Dec2024 00:06:40.342] [Server thread/INFO] [net.minecraft.server.MinecraftServer/]: [Chunky] Task running for minecraft:overworld. Processed: 142062 chunks (36.14%), ETA: 47:18:13, Rate: 1.5 cps, Current: 18, -176
[11Dec2024 00:06:42.496] [Server thread/INFO] [net.minecraft.server.MinecraftServer/]: [Chunky] Task running for minecraft:overworld. Processed: 142064 chunks (36.14%), ETA: 50:39:39, Rate: 1.4 cps, Current: 20, -176
[11Dec2024 00:06:46.534] [Server thread/INFO] [net.minecraft.server.MinecraftServer/]: [Chunky] Task running for minecraft:overworld. Processed: 142065 chunks (36.14%), ETA: 67:21:42, Rate: 1.0 cps, Current: 25, -176
[11Dec2024 00:06:48.690] [Server thread/INFO] [net.minecraft.server.MinecraftServer/]: [Chunky] Task running for minecraft:overworld. Processed: 142070 chunks (36.14%), ETA: 63:05:37, Rate: 1.1 cps, Current: 28, -177
[11Dec2024 00:06:50.766] [Server thread/INFO] [net.minecraft.server.MinecraftServer/]: [Chunky] Task running for minecraft:overworld. Processed: 142071 chunks (36.14%), ETA: 67:24:49, Rate: 1.0 cps, Current: 31, -177
[11Dec2024 00:06:52.900] [Server thread/INFO] [net.minecraft.server.MinecraftServer/]: [Chunky] Task running for minecraft:overworld. Processed: 142074 chunks (36.14%), ETA: 72:20:06, Rate: 1.0 cps, Current: 31, -178
[11Dec2024 00:06:54.940] [Server thread/INFO] [net.minecraft.server.MinecraftServer/]: [Chunky] Task running for minecraft:overworld. Processed: 142077 chunks (36.14%), ETA: 67:33:14, Rate: 1.0 cps, Current: 30, -179
[11Dec2024 00:06:57.091] [Server thread/INFO] [net.minecraft.server.MinecraftServer/]: [Chunky] Task running for minecraft:overworld. Processed: 142080 chunks (36.14%), ETA: 75:06:10, Rate: 0.9 cps, Current: 29, -178
[11Dec2024 00:06:59.214] [Server thread/INFO] [net.minecraft.server.MinecraftServer/]: [Chunky] Task running for minecraft:overworld. Processed: 142083 chunks (36.14%), ETA: 69:58:57, Rate: 1.0 cps, Current: 28, -178
[11Dec2024 00:07:01.479] [Server thread/INFO] [net.minecraft.server.MinecraftServer/]: [Chunky] Task running for minecraft:overworld. Processed: 142089 chunks (36.14%), ETA: 60:10:25, Rate: 1.2 cps, Current: 27, -178
[11Dec2024 00:07:03.605] [Server thread/WARN] [net.minecraft.server.MinecraftServer/]: Can't keep up! Is the server overloaded? Running 2003ms or 40 ticks behind
[11Dec2024 00:07:03.658] [Server thread/INFO] [net.minecraft.server.MinecraftServer/]: [Chunky] Task running for minecraft:overworld. Processed: 142097 chunks (36.15%), ETA: 51:16:11, Rate: 1.4 cps, Current: 31, -182
[11Dec2024 00:07:05.811] [Server thread/INFO] [net.minecraft.server.MinecraftServer/]: [Chunky] Task running for minecraft:overworld. Processed: 142101 chunks (36.15%), ETA: 47:53:52, Rate: 1.5 cps, Current: 28, -182
[11Dec2024 00:07:07.982] [Server thread/INFO] [net.minecraft.server.MinecraftServer/]: [Chunky] Task running for minecraft:overworld. Processed: 142105 chunks (36.15%), ETA: 43:48:08, Rate: 1.6 cps, Current: 26, -181
[11Dec2024 00:07:10.176] [Server thread/INFO] [net.minecraft.server.MinecraftServer/]: [Chunky] Task running for minecraft:overworld. Processed: 142110 chunks (36.15%), ETA: 42:27:19, Rate: 1.6 cps, Current: 23, -177
[11Dec2024 00:07:12.314] [Server thread/INFO] [net.minecraft.server.MinecraftServer/]: [Chunky] Task running for minecraft:overworld. Processed: 142114 chunks (36.15%), ETA: 40:45:55, Rate: 1.7 cps, Current: 21, -177
[11Dec2024 00:07:14.419] [Server thread/INFO] [net.minecraft.server.MinecraftServer/]: [Chunky] Task running for minecraft:overworld. Processed: 142117 chunks (36.15%), ETA: 36:41:05, Rate: 1.9 cps, Current: 30, -183
[11Dec2024 00:07:16.496] [Server thread/INFO] [net.minecraft.server.MinecraftServer/]: [Chunky] Task running for minecraft:overworld. Processed: 142121 chunks (36.15%), ETA: 36:39:06, Rate: 1.9 cps, Current: 18, -177
[11Dec2024 00:07:18.618] [Server thread/INFO] [net.minecraft.server.MinecraftServer/]: [Chunky] Task running for minecraft:overworld. Processed: 142129 chunks (36.15%), ETA: 34:46:38, Rate: 2.0 cps, Current: 28, -183
[11Dec2024 00:07:20.801] [Server thread/INFO] [net.minecraft.server.MinecraftServer/]: [Chunky] Task running for minecraft:overworld. Processed: 142134 chunks (36.15%), ETA: 31:53:23, Rate: 2.2 cps, Current: 25, -181
[11Dec2024 00:07:22.903] [Server thread/INFO] [net.minecraft.server.MinecraftServer/]: [Chunky] Task running for minecraft:overworld. Processed: 142138 chunks (36.16%), ETA: 31:26:40, Rate: 2.2 cps, Current: 16, -179
[11Dec2024 00:07:24.948] [Server thread/INFO] [net.minecraft.server.MinecraftServer/]: [Chunky] Task running for minecraft:overworld. Processed: 142140 chunks (36.16%), ETA: 31:50:19, Rate: 2.2 cps, Current: 23, -179
[11Dec2024 00:07:27.212] [Server thread/INFO] [net.minecraft.server.MinecraftServer/]: [Chunky] Task running for minecraft:overworld. Processed: 142149 chunks (36.16%), ETA: 29:08:03, Rate: 2.4 cps, Current: 19, -180
[11Dec2024 00:07:29.245] [Server thread/INFO] [net.minecraft.server.MinecraftServer/]: [Chunky] Task running for minecraft:overworld. Processed: 142150 chunks (36.16%), ETA: 31:13:18, Rate: 2.2 cps, Current: 20, -180
[11Dec2024 00:07:31.410] [Server thread/INFO] [net.minecraft.server.MinecraftServer/]: [Chunky] Task running for minecraft:overworld. Processed: 142159 chunks (36.16%), ETA: 29:23:19, Rate: 2.4 cps, Current: 20, -181
[11Dec2024 00:07:35.649] [Server thread/INFO] [net.minecraft.server.MinecraftServer/]: [Chunky] Task running for minecraft:overworld. Processed: 142164 chunks (36.16%), ETA: 32:30:04, Rate: 2.1 cps, Current: 16, -182
[11Dec2024 00:07:37.812] [Server thread/INFO] [net.minecraft.server.MinecraftServer/]: [Chunky] Task running for minecraft:overworld. Processed: 142167 chunks (36.16%), ETA: 33:00:32, Rate: 2.1 cps, Current: 17, -182
[11Dec2024 00:07:40.210] [Server thread/INFO] [net.minecraft.server.MinecraftServer/]: [Chunky] Task running for minecraft:overworld. Processed: 142174 chunks (36.16%), ETA: 31:52:44, Rate: 2.2 cps, Current: 23, -183
[11Dec2024 00:07:42.410] [Server thread/INFO] [net.minecraft.server.MinecraftServer/]: [Chunky] Task running for minecraft:overworld. Processed: 142175 chunks (36.16%), ETA: 33:04:22, Rate: 2.1 cps, Current: 22, -183
[11Dec2024 00:07:44.461] [Server thread/INFO] [net.minecraft.server.MinecraftServer/]: [Chunky] Task running for minecraft:overworld. Processed: 142176 chunks (36.17%), ETA: 34:48:39, Rate: 2.0 cps, Current: 21, -183
[11Dec2024 00:07:46.702] [Server thread/INFO] [net.minecraft.server.MinecraftServer/]: [Chunky] Task running for minecraft:overworld. Processed: 142178 chunks (36.17%), ETA: 39:09:14, Rate: 1.8 cps, Current: 22, -184
[11Dec2024 00:07:48.716] [Server thread/INFO] [net.minecraft.server.MinecraftServer/]: [Chunky] Task running for minecraft:overworld. Processed: 142179 chunks (36.17%), ETA: 42:18:08, Rate: 1.6 cps, Current: 20, -183
[11Dec2024 00:07:50.907] [Server thread/INFO] [net.minecraft.server.MinecraftServer/]: [Chunky] Task running for minecraft:overworld. Processed: 142191 chunks (36.17%), ETA: 36:08:54, Rate: 1.9 cps, Current: 16, -185
[11Dec2024 00:07:52.861] [Server thread/INFO] [net.minecraft.server.MinecraftServer/]: [Chunky] Task running for minecraft:overworld. Processed: 142194 chunks (36.17%), ETA: 36:38:01, Rate: 1.9 cps, Current: 17, -186
[11Dec2024 00:07:55.075] [Server thread/INFO] [net.minecraft.server.MinecraftServer/]: [Chunky] Task running for minecraft:overworld. Processed: 142202 chunks (36.17%), ETA: 35:57:53, Rate: 1.9 cps, Current: 16, -187
[11Dec2024 00:07:57.124] [Server thread/INFO] [net.minecraft.server.MinecraftServer/]: [Chunky] Task running for minecraft:overworld. Processed: 142205 chunks (36.17%), ETA: 36:34:37, Rate: 1.9 cps, Current: 17, -188
[11Dec2024 00:07:59.245] [Server thread/INFO] [net.minecraft.server.MinecraftServer/]: [Chunky] Task running for minecraft:overworld. Processed: 142207 chunks (36.17%), ETA: 36:03:02, Rate: 1.9 cps, Current: 22, -186
[11Dec2024 00:08:01.329] [Server thread/INFO] [net.minecraft.server.MinecraftServer/]: [Chunky] Task running for minecraft:overworld. Processed: 142209 chunks (36.17%), ETA: 40:53:21, Rate: 1.7 cps, Current: 16, -190
[11Dec2024 00:08:03.460] [Server thread/INFO] [net.minecraft.server.MinecraftServer/]: [Chunky] Task running for minecraft:overworld. Processed: 142212 chunks (36.17%), ETA: 39:33:33, Rate: 1.8 cps, Current: 18, -188
[11Dec2024 00:08:05.648] [Server thread/INFO] [net.minecraft.server.MinecraftServer/]: [Chunky] Task running for minecraft:overworld. Processed: 142215 chunks (36.18%), ETA: 40:12:38, Rate: 1.7 cps, Current: 19, -187
[11Dec2024 00:08:07.715] [Server thread/WARN] [net.minecraft.server.MinecraftServer/]: Can't keep up! Is the server overloaded? Running 2013ms or 40 ticks behind
[11Dec2024 00:08:07.790] [Server thread/INFO] [net.minecraft.server.MinecraftServer/]: [Chunky] Task running for minecraft:overworld. Processed: 142218 chunks (36.18%), ETA: 40:10:50, Rate: 1.7 cps, Current: 20, -187
[11Dec2024 00:08:09.766] [Server thread/INFO] [net.minecraft.server.MinecraftServer/]: [Chunky] Task running for minecraft:overworld. Processed: 142219 chunks (36.18%), ETA: 44:47:00, Rate: 1.6 cps, Current: 21, -187
[11Dec2024 00:08:11.835] [Server thread/INFO] [net.minecraft.server.MinecraftServer/]: [Chunky] Task running for minecraft:overworld. Processed: 142222 chunks (36.18%), ETA: 42:43:31, Rate: 1.6 cps, Current: 22, -187
[11Dec2024 00:08:13.962] [Server thread/INFO] [net.minecraft.server.MinecraftServer/]: [Chunky] Task running for minecraft:overworld. Processed: 142223 chunks (36.18%), ETA: 42:50:02, Rate: 1.6 cps, Current: 21, -188
[11Dec2024 00:08:16.054] [Server thread/INFO] [net.minecraft.server.MinecraftServer/]: [Chunky] Task running for minecraft:overworld. Processed: 142226 chunks (36.18%), ETA: 41:44:56, Rate: 1.7 cps, Current: 20, -190
[11Dec2024 00:08:18.068] [Server thread/INFO] [net.minecraft.server.MinecraftServer/]: [Chunky] Task running for minecraft:overworld. Processed: 142227 chunks (36.18%), ETA: 41:44:55, Rate: 1.7 cps, Current: 21, -190
[11Dec2024 00:08:22.270] [Server thread/INFO] [net.minecraft.server.MinecraftServer/]: [Chunky] Task running for minecraft:overworld. Processed: 142230 chunks (36.18%), ETA: 55:23:50, Rate: 1.3 cps, Current: 22, -189
[11Dec2024 00:08:24.329] [Server thread/INFO] [net.minecraft.server.MinecraftServer/]: [Chunky] Task running for minecraft:overworld. Processed: 142233 chunks (36.18%), ETA: 63:42:45, Rate: 1.1 cps, Current: 23, -185
[11Dec2024 00:08:28.346] [Server thread/INFO] [net.minecraft.server.MinecraftServer/]: [Chunky] Task running for minecraft:overworld. Processed: 142235 chunks (36.18%), ETA: 69:56:16, Rate: 1.0 cps, Current: 23, -187
[11Dec2024 00:08:30.655] [Server thread/WARN] [net.minecraft.server.MinecraftServer/]: Can't keep up! Is the server overloaded? Running 2203ms or 44 ticks behind
[11Dec2024 00:08:30.698] [Server thread/INFO] [net.minecraft.server.MinecraftServer/]: [Chunky] Task running for minecraft:overworld. Processed: 142238 chunks (36.18%), ETA: 68:13:33, Rate: 1.0 cps, Current: 24, -184
[11Dec2024 00:08:32.858] [Server thread/INFO] [net.minecraft.server.MinecraftServer/]: [Chunky] Task running for minecraft:overworld. Processed: 142239 chunks (36.18%), ETA: 73:10:25, Rate: 1.0 cps, Current: 23, -190
[11Dec2024 00:08:34.942] [Server thread/INFO] [net.minecraft.server.MinecraftServer/]: [Chunky] Task running for minecraft:overworld. Processed: 142240 chunks (36.18%), ETA: 78:31:05, Rate: 0.9 cps, Current: 24, -189
[11Dec2024 00:08:38.976] [Server thread/INFO] [net.minecraft.server.MinecraftServer/]: [Chunky] Task running for minecraft:overworld. Processed: 142242 chunks (36.18%), ETA: 84:49:10, Rate: 0.8 cps, Current: 24, -190
[11Dec2024 00:08:41.160] [Server thread/INFO] [net.minecraft.server.MinecraftServer/]: [Chunky] Task running for minecraft:overworld. Processed: 142243 chunks (36.18%), ETA: 92:53:39, Rate: 0.8 cps, Current: 24, -187
[11Dec2024 00:08:43.138] [Server thread/INFO] [net.minecraft.server.MinecraftServer/]: [Chunky] Task running for minecraft:overworld. Processed: 142244 chunks (36.18%), ETA: 92:25:30, Rate: 0.8 cps, Current: 24, -186
[11Dec2024 00:08:45.165] [Server thread/INFO] [net.minecraft.server.MinecraftServer/]: [Chunky] Task running for minecraft:overworld. Processed: 142246 chunks (36.18%), ETA: 96:36:23, Rate: 0.7 cps, Current: 25, -190
[11Dec2024 00:08:49.477] [Server thread/INFO] [net.minecraft.server.MinecraftServer/]: [Chunky] Task running for minecraft:overworld. Processed: 142247 chunks (36.18%), ETA: 105:19:54, Rate: 0.7 cps, Current: 26, -190
[11Dec2024 00:08:51.607] [Server thread/INFO] [net.minecraft.server.MinecraftServer/]: [Chunky] Task running for minecraft:overworld. Processed: 142248 chunks (36.18%), ETA: 107:36:00, Rate: 0.6 cps, Current: 25, -184
[11Dec2024 00:08:53.645] [Server thread/INFO] [net.minecraft.server.MinecraftServer/]: [Chunky] Task running for minecraft:overworld. Processed: 142254 chunks (36.19%), ETA: 92:51:30, Rate: 0.8 cps, Current: 26, -184
[11Dec2024 00:08:55.637] [Server thread/INFO] [net.minecraft.server.MinecraftServer/]: [Chunky] Task running for minecraft:overworld. Processed: 142255 chunks (36.19%), ETA: 90:33:36, Rate: 0.8 cps, Current: 27, -184
[11Dec2024 00:08:57.732] [Server thread/INFO] [net.minecraft.server.MinecraftServer/]: [Chunky] Task running for minecraft:overworld. Processed: 142265 chunks (36.19%), ETA: 66:03:14, Rate: 1.1 cps, Current: 17, -191
[11Dec2024 00:08:59.827] [Server thread/INFO] [net.minecraft.server.MinecraftServer/]: [Chunky] Task running for minecraft:overworld. Processed: 142268 chunks (36.19%), ETA: 65:28:40, Rate: 1.1 cps, Current: 31, -185
[11Dec2024 00:09:01.769] [Server thread/INFO] [net.minecraft.server.MinecraftServer/]: [Chunky] Task running for minecraft:overworld. Processed: 142273 chunks (36.19%), ETA: 57:33:27, Rate: 1.2 cps, Current: 27, -186
[11Dec2024 00:09:03.829] [Server thread/INFO] [net.minecraft.server.MinecraftServer/]: [Chunky] Task running for minecraft:overworld. Processed: 142277 chunks (36.19%), ETA: 52:58:20, Rate: 1.3 cps, Current: 29, -186
[11Dec2024 00:09:06.037] [Server thread/INFO] [net.minecraft.server.MinecraftServer/]: [Chunky] Task running for minecraft:overworld. Processed: 142283 chunks (36.19%), ETA: 44:53:42, Rate: 1.6 cps, Current: 31, -188
[11Dec2024 00:09:08.117] [Server thread/INFO] [net.minecraft.server.MinecraftServer/]: [Chunky] Task running for minecraft:overworld. Processed: 142287 chunks (36.19%), ETA: 44:08:22, Rate: 1.6 cps, Current: 27, -188
[11Dec2024 00:09:10.133] [Server thread/INFO] [net.minecraft.server.MinecraftServer/]: [Chunky] Task running for minecraft:overworld. Processed: 142290 chunks (36.19%), ETA: 42:03:27, Rate: 1.7 cps, Current: 27, -189
[11Dec2024 00:09:12.174] [Server thread/INFO] [net.minecraft.server.MinecraftServer/]: [Chunky] Task running for minecraft:overworld. Processed: 142293 chunks (36.19%), ETA: 40:27:45, Rate: 1.7 cps, Current: 20, -191
[11Dec2024 00:09:14.234] [Server thread/INFO] [net.minecraft.server.MinecraftServer/]: [Chunky] Task running for minecraft:overworld. Processed: 142294 chunks (36.20%), ETA: 41:20:06, Rate: 1.7 cps, Current: 31, -190
[11Dec2024 00:09:16.229] [Server thread/INFO] [net.minecraft.server.MinecraftServer/]: [Chunky] Task running for minecraft:overworld. Processed: 142300 chunks (36.20%), ETA: 34:31:07, Rate: 2.0 cps, Current: 22, -191
[11Dec2024 00:09:45.668] [Server thread/INFO] [net.minecraft.server.MinecraftServer/]: [Chunky] Task running for minecraft:overworld. Processed: 142301 chunks (36.20%), ETA: 256:26:43, Rate: 0.3 cps, Current: 23, -191
[11Dec2024 00:09:45.692] [Server thread/INFO] [net.minecraft.server.MinecraftServer/]: [Chunky] Task running for minecraft:overworld. Processed: 142302 chunks (36.20%), ETA: 684:16:11, Rate: 0.1 cps, Current: 24, -191
[11Dec2024 00:09:49.741] [Server thread/INFO] [net.minecraft.server.MinecraftServer/]: [Chunky] Task running for minecraft:overworld. Processed: 142304 chunks (36.20%), ETA: 105:34:22, Rate: 0.7 cps, Current: 26, -191
[11Dec2024 00:09:51.749] [Server thread/INFO] [net.minecraft.server.MinecraftServer/]: [Chunky] Task running for minecraft:overworld. Processed: 142308 chunks (36.20%), ETA: 70:16:55, Rate: 1.0 cps, Current: 29, -191
[11Dec2024 00:10:12.592] [Server thread/WARN] [net.minecraft.server.MinecraftServer/]: Can't keep up! Is the server overloaded? Running 2140ms or 42 ticks behind
[11Dec2024 00:10:30.227] [Server thread/INFO] [net.minecraft.server.MinecraftServer/]: [Chunky] Task running for minecraft:overworld. Processed: 142311 chunks (36.20%), ETA: 149:58:05, Rate: 0.5 cps, Current: -30, -190
[11Dec2024 00:10:32.191] [Server thread/INFO] [net.minecraft.server.MinecraftServer/]: [Chunky] Task running for minecraft:overworld. Processed: 142312 chunks (36.20%), ETA: 145:35:23, Rate: 0.5 cps, Current: -31, -191
[11Dec2024 00:10:34.278] [Server thread/INFO] [net.minecraft.server.MinecraftServer/]: [Chunky] Task running for minecraft:overworld. Processed: 142313 chunks (36.20%), ETA: 145:31:31, Rate: 0.5 cps, Current: -31, -190
[11Dec2024 00:10:40.336] [Server thread/INFO] [net.minecraft.server.MinecraftServer/]: [Chunky] Task running for minecraft:overworld. Processed: 142314 chunks (36.20%), ETA: 200:50:49, Rate: 0.3 cps, Current: -31, -189
[11Dec2024 00:10:44.435] [Server thread/INFO] [net.minecraft.server.MinecraftServer/]: [Chunky] Task running for minecraft:overworld. Processed: 142315 chunks (36.20%), ETA: 214:57:24, Rate: 0.3 cps, Current: -31, -188
[11Dec2024 00:10:50.474] [Server thread/INFO] [net.minecraft.server.MinecraftServer/]: [Chunky] Task running for minecraft:overworld. Processed: 142316 chunks (36.20%), ETA: 244:21:48, Rate: 0.3 cps, Current: -31, -187
[11Dec2024 00:10:58.585] [Server thread/INFO] [net.minecraft.server.MinecraftServer/]: [Chunky] Task running for minecraft:overworld. Processed: 142317 chunks (36.20%), ETA: 282:14:35, Rate: 0.2 cps, Current: -31, -186
[11Dec2024 00:11:02.637] [Server thread/WARN] [net.minecraft.server.MinecraftServer/]: Can't keep up! Is the server overloaded? Running 3135ms or 62 ticks behind
[11Dec2024 00:11:04.664] [Server thread/INFO] [net.minecraft.server.MinecraftServer/]: [Chunky] Task running for minecraft:overworld. Processed: 142318 chunks (36.20%), ETA: 338:58:15, Rate: 0.2 cps, Current: -30, -186
[11Dec2024 00:11:06.682] [Server thread/INFO] [net.minecraft.server.MinecraftServer/]: [Chunky] Task running for minecraft:overworld. Processed: 142322 chunks (36.20%), ETA: 203:56:07, Rate: 0.3 cps, Current: 0, -171
[11Dec2024 00:11:16.562] [Server thread/INFO] [net.minecraft.server.MinecraftServer/]: [Chunky] Task running for minecraft:overworld. Processed: 142323 chunks (36.20%), ETA: 227:11:18, Rate: 0.3 cps, Current: 0, -170
[11Dec2024 00:11:20.611] [Server thread/INFO] [net.minecraft.server.MinecraftServer/]: Stopping the server
[11Dec2024 00:11:20.614] [Server thread/INFO] [net.minecraft.server.MinecraftServer/]: [Chunky] Task running for minecraft:overworld. Processed: 142324 chunks (36.20%), ETA: 191:50:22, Rate: 0.4 cps, Current: 0, -169
[11Dec2024 00:11:20.617] [Chunky-minecraft:overworld Thread/INFO] [net.minecraft.server.MinecraftServer/]: [Chunky] Task stopped for minecraft:overworld.
[11Dec2024 00:11:20.618] [Server thread/INFO] [net.minecraft.server.MinecraftServer/]: Stopping server
[11Dec2024 00:11:20.620] [Server thread/INFO] [net.minecraft.server.MinecraftServer/]: Saving players
[11Dec2024 00:11:20.620] [Server thread/INFO] [net.minecraft.server.MinecraftServer/]: Saving worlds
[11Dec2024 00:12:18.463] [Server thread/INFO] [net.minecraft.server.MinecraftServer/]: Saving chunks for level 'ServerLevel[world]'/minecraft:overworld
[11Dec2024 00:12:21.331] [Server thread/INFO] [net.minecraft.server.MinecraftServer/]: Saving chunks for level 'ServerLevel[world]'/minecraft:the_end
[11Dec2024 00:12:21.333] [Server thread/INFO] [net.minecraft.server.MinecraftServer/]: Saving chunks for level 'ServerLevel[world]'/minecraft:the_nether
[11Dec2024 00:12:21.356] [Server thread/INFO] [net.minecraft.server.MinecraftServer/]: ThreadedAnvilChunkStorage (world): All chunks are saved
[11Dec2024 00:12:21.356] [Server thread/INFO] [net.minecraft.server.MinecraftServer/]: ThreadedAnvilChunkStorage (DIM1): All chunks are saved
[11Dec2024 00:12:21.356] [Server thread/INFO] [net.minecraft.server.MinecraftServer/]: ThreadedAnvilChunkStorage (DIM-1): All chunks are saved
[11Dec2024 00:12:21.356] [Server thread/INFO] [net.minecraft.server.MinecraftServer/]: ThreadedAnvilChunkStorage: All dimensions are saved
[11Dec2024 00:12:21.952] [Server thread/INFO] [Framework/]: Unloading server configs...
[11Dec2024 00:12:21.953] [Server thread/INFO] [Framework/]: Sending config unload event for backpacked-common.toml
[11Dec2024 00:12:21.954] [Server thread/INFO] [Framework/]: Sending config unload event for backpacked-server.toml
[11Dec2024 00:12:21.954] [Server thread/INFO] [Framework/]: Sending config unload event for goblintraders-entities.toml
